running egg_info
creating build/torch_points3d/torch_points3d.egg-info
writing build/torch_points3d/torch_points3d.egg-info/PKG-INFO
writing dependency_links to build/torch_points3d/torch_points3d.egg-info/dependency_links.txt
writing requirements to build/torch_points3d/torch_points3d.egg-info/requires.txt
writing top-level names to build/torch_points3d/torch_points3d.egg-info/top_level.txt
writing manifest file 'build/torch_points3d/torch_points3d.egg-info/SOURCES.txt'
reading manifest file 'build/torch_points3d/torch_points3d.egg-info/SOURCES.txt'
adding license file 'LICENSE.md'
writing manifest file 'build/torch_points3d/torch_points3d.egg-info/SOURCES.txt'
running build
running build_py
creating /home/developer/deepviewaggregation/build/torch_points3d/build
creating /home/developer/deepviewaggregation/build/torch_points3d/build/lib
creating /home/developer/deepviewaggregation/build/torch_points3d/build/lib/torch_points3d
copying torch_points3d/__init__.py -> /home/developer/deepviewaggregation/build/torch_points3d/build/lib/torch_points3d
copying torch_points3d/trainer.py -> /home/developer/deepviewaggregation/build/torch_points3d/build/lib/torch_points3d
running install
running install_lib
creating /home/developer/deepviewaggregation/install/torch_points3d/lib/python3.10/site-packages/torch_points3d
copying /home/developer/deepviewaggregation/build/torch_points3d/build/lib/torch_points3d/__init__.py -> /home/developer/deepviewaggregation/install/torch_points3d/lib/python3.10/site-packages/torch_points3d
copying /home/developer/deepviewaggregation/build/torch_points3d/build/lib/torch_points3d/trainer.py -> /home/developer/deepviewaggregation/install/torch_points3d/lib/python3.10/site-packages/torch_points3d
byte-compiling /home/developer/deepviewaggregation/install/torch_points3d/lib/python3.10/site-packages/torch_points3d/__init__.py to __init__.cpython-310.pyc
byte-compiling /home/developer/deepviewaggregation/install/torch_points3d/lib/python3.10/site-packages/torch_points3d/trainer.py to trainer.cpython-310.pyc
running install_egg_info
Copying build/torch_points3d/torch_points3d.egg-info to /home/developer/deepviewaggregation/install/torch_points3d/lib/python3.10/site-packages/torch_points3d-_-py3.10.egg-info
running install_scripts
writing list of installed files to '/home/developer/deepviewaggregation/build/torch_points3d/install.log'
