[0.382s] Invoking command in '/home/developer/deepviewaggregation': PYTHONPATH=/home/developer/deepviewaggregation/build/torch_points3d/prefix_override:/home/developer/deepviewaggregation/install/torch_points3d/lib/python3.10/site-packages:${PYTHONPATH} /usr/bin/python3 -W ignore:setup.py install is deprecated setup.py egg_info --egg-base build/torch_points3d build --build-base /home/developer/deepviewaggregation/build/torch_points3d/build install --record /home/developer/deepviewaggregation/build/torch_points3d/install.log --single-version-externally-managed
[0.523s] /usr/local/lib/python3.10/dist-packages/setuptools/dist.py:501: UserWarning: The version specified ('*') is an invalid version, this may not work as expected with newer versions of setuptools, pip, and PyPI. Please see PEP 440 for more details.
[0.523s]   warnings.warn(
[0.526s] running egg_info
[0.526s] creating build/torch_points3d/torch_points3d.egg-info
[0.526s] writing build/torch_points3d/torch_points3d.egg-info/PKG-INFO
[0.526s] writing dependency_links to build/torch_points3d/torch_points3d.egg-info/dependency_links.txt
[0.526s] writing requirements to build/torch_points3d/torch_points3d.egg-info/requires.txt
[0.526s] writing top-level names to build/torch_points3d/torch_points3d.egg-info/top_level.txt
[0.526s] writing manifest file 'build/torch_points3d/torch_points3d.egg-info/SOURCES.txt'
[0.527s] reading manifest file 'build/torch_points3d/torch_points3d.egg-info/SOURCES.txt'
[0.527s] adding license file 'LICENSE.md'
[0.527s] writing manifest file 'build/torch_points3d/torch_points3d.egg-info/SOURCES.txt'
[0.527s] running build
[0.527s] running build_py
[0.527s] creating /home/developer/deepviewaggregation/build/torch_points3d/build
[0.527s] creating /home/developer/deepviewaggregation/build/torch_points3d/build/lib
[0.527s] creating /home/developer/deepviewaggregation/build/torch_points3d/build/lib/torch_points3d
[0.528s] copying torch_points3d/__init__.py -> /home/developer/deepviewaggregation/build/torch_points3d/build/lib/torch_points3d
[0.528s] copying torch_points3d/trainer.py -> /home/developer/deepviewaggregation/build/torch_points3d/build/lib/torch_points3d
[0.528s] running install
[0.528s] running install_lib
[0.528s] creating /home/developer/deepviewaggregation/install/torch_points3d/lib/python3.10/site-packages/torch_points3d
[0.528s] copying /home/developer/deepviewaggregation/build/torch_points3d/build/lib/torch_points3d/__init__.py -> /home/developer/deepviewaggregation/install/torch_points3d/lib/python3.10/site-packages/torch_points3d
[0.528s] copying /home/developer/deepviewaggregation/build/torch_points3d/build/lib/torch_points3d/trainer.py -> /home/developer/deepviewaggregation/install/torch_points3d/lib/python3.10/site-packages/torch_points3d
[0.528s] byte-compiling /home/developer/deepviewaggregation/install/torch_points3d/lib/python3.10/site-packages/torch_points3d/__init__.py to __init__.cpython-310.pyc
[0.528s] byte-compiling /home/developer/deepviewaggregation/install/torch_points3d/lib/python3.10/site-packages/torch_points3d/trainer.py to trainer.cpython-310.pyc
[0.530s] running install_egg_info
[0.531s] Copying build/torch_points3d/torch_points3d.egg-info to /home/developer/deepviewaggregation/install/torch_points3d/lib/python3.10/site-packages/torch_points3d-_-py3.10.egg-info
[0.531s] running install_scripts
[0.543s] writing list of installed files to '/home/developer/deepviewaggregation/build/torch_points3d/install.log'
[0.556s] Invoked command in '/home/developer/deepviewaggregation' returned '0': PYTHONPATH=/home/developer/deepviewaggregation/build/torch_points3d/prefix_override:/home/developer/deepviewaggregation/install/torch_points3d/lib/python3.10/site-packages:${PYTHONPATH} /usr/bin/python3 -W ignore:setup.py install is deprecated setup.py egg_info --egg-base build/torch_points3d build --build-base /home/developer/deepviewaggregation/build/torch_points3d/build install --record /home/developer/deepviewaggregation/build/torch_points3d/install.log --single-version-externally-managed
